<?xml version="1.0" encoding="UTF-8"?>
<!-- Generated by org.testng.reporters.JUnitXMLReporter -->
<testsuite ignored="3" hostname="Robbo" failures="0" tests="1" name="Default test" time="10.705" errors="0" timestamp="2024-07-10T13:55:41 IST">
  <testcase classname="com.tricentis.testcases.Resister" name="registerWithMandFieldsOnly" time="0.006">
    <skipped/>
  </testcase> <!-- registerWithMandFieldsOnly -->
  <testcase classname="com.tricentis.testcases.Resister" name="registerWithoutPasswords" time="0.0">
    <ignored/>
  </testcase> <!-- registerWithoutPasswords -->
  <testcase classname="com.tricentis.testcases.Resister" name="registerWithoutFirstName" time="0.0">
    <ignored/>
  </testcase> <!-- registerWithoutFirstName -->
  <testcase classname="com.tricentis.testcases.Resister" name="registerWithAlreadyUsedEmailAddress" time="0.0">
    <ignored/>
  </testcase> <!-- registerWithAlreadyUsedEmailAddress -->
</testsuite> <!-- Default test -->
